Traceback (most recent call last):
  File "/home/venture/venture/passenger_wsgi.py", line 5, in <module>
    from ventureRealestate.wsgi import application
  File "/home/venture/venture/ventureRealestate/wsgi.py", line 12, in <module>
    from django.core.wsgi import get_wsgi_application
ModuleNotFoundError: No module named 'django'
Traceback (most recent call last):
  File "/home/venture/venture/passenger_wsgi.py", line 5, in <module>
    from ventureRealestate.wsgi import application
  File "/home/venture/venture/ventureRealestate/wsgi.py", line 12, in <module>
    from django.core.wsgi import get_wsgi_application
ModuleNotFoundError: No module named 'django'
[UID:3551][58297] Child process with pid: 58561 was killed by signal: 15, core dump: 0
Not Found: /css/map.css'%20%%7D
Not Found: /static/css/animate.min.css
Not Found: /js/ie-emulation-modes-warning.js
Not Found: /css/ie10-viewport-bug-workaround.css
Not Found: /static/assets/js/ie10-viewport-bug-workaround.js
Not Found: /www.googletagmanager.com/gtm5445.html
Not Found: /static/assets/js/ie10-viewport-bug-workaround.js
Not Found: /img/favicon.ico
Not Found: /css/map.css'%20%%7D
Not Found: /static/css/animate.min.css
Not Found: /js/ie-emulation-modes-warning.js
Not Found: /css/ie10-viewport-bug-workaround.css
Not Found: /static/assets/js/ie10-viewport-bug-workaround.js
Not Found: /www.googletagmanager.com/gtm5445.html
Not Found: /static/assets/js/ie10-viewport-bug-workaround.js
Not Found: /static/css/animate.min.css
Not Found: /css/map.css'%20%%7D
Not Found: /js/ie-emulation-modes-warning.js
Not Found: /css/ie10-viewport-bug-workaround.css
Not Found: /www.googletagmanager.com/gtm5445.html
Not Found: /static/assets/js/ie10-viewport-bug-workaround.js
Not Found: /static/assets/js/ie10-viewport-bug-workaround.js
Not Found: /static/css/animate.min.css
Not Found: /css/ie10-viewport-bug-workaround.css
Not Found: /css/map.css'%20%%7D
Not Found: /static/assets/js/ie10-viewport-bug-workaround.js
Not Found: /www.googletagmanager.com/gtm5445.html
Not Found: /js/ie-emulation-modes-warning.js
Not Found: /static/assets/js/ie10-viewport-bug-workaround.js
Not Found: /feature-details-property/9/css/map.css'%20%%7D
Not Found: /feature-details-property/9/css/ie10-viewport-bug-workaround.css
Not Found: /static/css/animate.min.css
Not Found: /static/assets/js/ie10-viewport-bug-workaround.js
Not Found: /www.googletagmanager.com/gtm5445.html
Not Found: /feature-details-property/9/js/ie-emulation-modes-warning.js
Not Found: /static/assets/js/ie10-viewport-bug-workaround.js
Not Found: /feature-details-property/9/img/favicon.ico
Not Found: /feature-details-property/9/css/map.css'%20%%7D
Not Found: /static/css/animate.min.css
Not Found: /feature-details-property/9/css/ie10-viewport-bug-workaround.css
Not Found: /feature-details-property/9/js/ie-emulation-modes-warning.js
Not Found: /static/assets/js/ie10-viewport-bug-workaround.js
Not Found: /www.googletagmanager.com/gtm5445.html
Not Found: /static/assets/js/ie10-viewport-bug-workaround.js
Not Found: /static/css/animate.min.css
Not Found: /landProject/css/map.css'%20%%7D
Not Found: /landProject/css/ie10-viewport-bug-workaround.css
Not Found: /static/assets/js/ie10-viewport-bug-workaround.js
Not Found: /www.googletagmanager.com/gtm5445.html
Not Found: /landProject/js/ie-emulation-modes-warning.js
Not Found: /images/about/sale_house.svg
Not Found: /static/assets/js/ie10-viewport-bug-workaround.js
Not Found: /landProject/img/favicon.ico
Not Found: /land-details-property/5/css/ie10-viewport-bug-workaround.css
Not Found: /static/css/animate.min.css
Not Found: /land-details-property/5/js/ie-emulation-modes-warning.js
Not Found: /land-details-property/5/css/map.css'%20%%7D
Not Found: /www.googletagmanager.com/gtm5445.html
Not Found: /static/assets/js/ie10-viewport-bug-workaround.js
Not Found: /static/assets/js/ie10-viewport-bug-workaround.js
Not Found: /land-details-property/5/img/favicon.ico
<Page 1 of 1>
Not Found: /static/css/animate.min.css
Not Found: /land-details-property/5/css/map.css'%20%%7D
Not Found: /land-details-property/5/css/ie10-viewport-bug-workaround.css
Not Found: /land-details-property/5/js/ie-emulation-modes-warning.js
Not Found: /static/assets/js/ie10-viewport-bug-workaround.js
Not Found: /www.googletagmanager.com/gtm5445.html
Not Found: /static/assets/js/ie10-viewport-bug-workaround.js
Not Found: /static/css/animate.min.css
Not Found: /land-details-property/5/css/map.css'%20%%7D
Not Found: /land-details-property/5/css/ie10-viewport-bug-workaround.css
Not Found: /static/assets/js/ie10-viewport-bug-workaround.js
Not Found: /www.googletagmanager.com/gtm5445.html
Not Found: /land-details-property/5/js/ie-emulation-modes-warning.js
Not Found: /static/assets/js/ie10-viewport-bug-workaround.js
Not Found: /static/css/animate.min.css
Not Found: /css/map.css'%20%%7D
Not Found: /css/ie10-viewport-bug-workaround.css
Not Found: /static/assets/js/ie10-viewport-bug-workaround.js
Not Found: /www.googletagmanager.com/gtm5445.html
Not Found: /js/ie-emulation-modes-warning.js
Not Found: /static/assets/js/ie10-viewport-bug-workaround.js
Not Found: /service/venture-rending/css/map.css'%20%%7D
Not Found: /service/venture-rending/js/ie-emulation-modes-warning.js
Not Found: /service/venture-rending/css/ie10-viewport-bug-workaround.css
Not Found: /static/css/animate.min.css
Not Found: /static/assets/js/ie10-viewport-bug-workaround.js
Not Found: /www.googletagmanager.com/gtm5445.html
Not Found: /static/assets/js/ie10-viewport-bug-workaround.js
Not Found: /service/venture-rending/img/favicon.ico
Not Found: /favicon.ico
Internal Server Error: /admin/indexApp/agent/
Traceback (most recent call last):
  File "/home/venture/virtualenv/venture/3.8/lib/python3.8/site-packages/django/db/models/options.py", line 668, in get_field
    return self.fields_map[field_name]
KeyError: '__str__'

During handling of the above exception, another exception occurred:

Traceback (most recent call last):
  File "/home/venture/virtualenv/venture/3.8/lib/python3.8/site-packages/django/contrib/admin/utils.py", line 271, in lookup_field
    f = _get_non_gfk_field(opts, name)
  File "/home/venture/virtualenv/venture/3.8/lib/python3.8/site-packages/django/contrib/admin/utils.py", line 302, in _get_non_gfk_field
    field = opts.get_field(name)
  File "/home/venture/virtualenv/venture/3.8/lib/python3.8/site-packages/django/db/models/options.py", line 670, in get_field
    raise FieldDoesNotExist(
django.core.exceptions.FieldDoesNotExist: Agent has no field named '__str__'

During handling of the above exception, another exception occurred:

Traceback (most recent call last):
  File "/home/venture/virtualenv/venture/3.8/lib/python3.8/site-packages/django/core/handlers/exception.py", line 55, in inner
    response = get_response(request)
  File "/home/venture/virtualenv/venture/3.8/lib/python3.8/site-packages/django/core/handlers/base.py", line 220, in _get_response
    response = response.render()
  File "/home/venture/virtualenv/venture/3.8/lib/python3.8/site-packages/django/template/response.py", line 114, in render
    self.content = self.rendered_content
  File "/home/venture/virtualenv/venture/3.8/lib/python3.8/site-packages/django/template/response.py", line 92, in rendered_content
    return template.render(context, self._request)
  File "/home/venture/virtualenv/venture/3.8/lib/python3.8/site-packages/django/template/backends/django.py", line 62, in render
    return self.template.render(context)
  File "/home/venture/virtualenv/venture/3.8/lib/python3.8/site-packages/django/template/base.py", line 175, in render
    return self._render(context)
  File "/home/venture/virtualenv/venture/3.8/lib/python3.8/site-packages/django/template/base.py", line 167, in _render
    return self.nodelist.render(context)
  File "/home/venture/virtualenv/venture/3.8/lib/python3.8/site-packages/django/template/base.py", line 1005, in render
    return SafeString("".join([node.render_annotated(context) for node in self]))
  File "/home/venture/virtualenv/venture/3.8/lib/python3.8/site-packages/django/template/base.py", line 1005, in <listcomp>
    return SafeString("".join([node.render_annotated(context) for node in self]))
  File "/home/venture/virtualenv/venture/3.8/lib/python3.8/site-packages/django/template/base.py", line 966, in render_annotated
    return self.render(context)
  File "/home/venture/virtualenv/venture/3.8/lib/python3.8/site-packages/django/template/loader_tags.py", line 157, in render
    return compiled_parent._render(context)
  File "/home/venture/virtualenv/venture/3.8/lib/python3.8/site-packages/django/template/base.py", line 167, in _render
    return self.nodelist.render(context)
  File "/home/venture/virtualenv/venture/3.8/lib/python3.8/site-packages/django/template/base.py", line 1005, in render
    return SafeString("".join([node.render_annotated(context) for node in self]))
  File "/home/venture/virtualenv/venture/3.8/lib/python3.8/site-packages/django/template/base.py", line 1005, in <listcomp>
    return SafeString("".join([node.render_annotated(context) for node in self]))
  File "/home/venture/virtualenv/venture/3.8/lib/python3.8/site-packages/django/template/base.py", line 966, in render_annotated
    return self.render(context)
  File "/home/venture/virtualenv/venture/3.8/lib/python3.8/site-packages/django/template/loader_tags.py", line 157, in render
    return compiled_parent._render(context)
  File "/home/venture/virtualenv/venture/3.8/lib/python3.8/site-packages/django/template/base.py", line 167, in _render
    return self.nodelist.render(context)
  File "/home/venture/virtualenv/venture/3.8/lib/python3.8/site-packages/django/template/base.py", line 1005, in render
    return SafeString("".join([node.render_annotated(context) for node in self]))
  File "/home/venture/virtualenv/venture/3.8/lib/python3.8/site-packages/django/template/base.py", line 1005, in <listcomp>
    return SafeString("".join([node.render_annotated(context) for node in self]))
  File "/home/venture/virtualenv/venture/3.8/lib/python3.8/site-packages/django/template/base.py", line 966, in render_annotated
    return self.render(context)
  File "/home/venture/virtualenv/venture/3.8/lib/python3.8/site-packages/django/template/loader_tags.py", line 63, in render
    result = block.nodelist.render(context)
  File "/home/venture/virtualenv/venture/3.8/lib/python3.8/site-packages/django/template/base.py", line 1005, in render
    return SafeString("".join([node.render_annotated(context) for node in self]))
  File "/home/venture/virtualenv/venture/3.8/lib/python3.8/site-packages/django/template/base.py", line 1005, in <listcomp>
    return SafeString("".join([node.render_annotated(context) for node in self]))
  File "/home/venture/virtualenv/venture/3.8/lib/python3.8/site-packages/django/template/base.py", line 966, in render_annotated
    return self.render(context)
  File "/home/venture/virtualenv/venture/3.8/lib/python3.8/site-packages/django/template/loader_tags.py", line 63, in render
    result = block.nodelist.render(context)
  File "/home/venture/virtualenv/venture/3.8/lib/python3.8/site-packages/django/template/base.py", line 1005, in render
    return SafeString("".join([node.render_annotated(context) for node in self]))
  File "/home/venture/virtualenv/venture/3.8/lib/python3.8/site-packages/django/template/base.py", line 1005, in <listcomp>
    return SafeString("".join([node.render_annotated(context) for node in self]))
  File "/home/venture/virtualenv/venture/3.8/lib/python3.8/site-packages/django/template/base.py", line 966, in render_annotated
    return self.render(context)
  File "/home/venture/virtualenv/venture/3.8/lib/python3.8/site-packages/django/contrib/admin/templatetags/base.py", line 45, in render
    return super().render(context)
  File "/home/venture/virtualenv/venture/3.8/lib/python3.8/site-packages/django/template/library.py", line 258, in render
    _dict = self.func(*resolved_args, **resolved_kwargs)
  File "/home/venture/virtualenv/venture/3.8/lib/python3.8/site-packages/django/contrib/admin/templatetags/admin_list.py", line 336, in result_list
    "results": list(results(cl)),
  File "/home/venture/virtualenv/venture/3.8/lib/python3.8/site-packages/django/contrib/admin/templatetags/admin_list.py", line 312, in results
    yield ResultList(None, items_for_result(cl, res, None))
  File "/home/venture/virtualenv/venture/3.8/lib/python3.8/site-packages/django/contrib/admin/templatetags/admin_list.py", line 303, in __init__
    super().__init__(*items)
  File "/home/venture/virtualenv/venture/3.8/lib/python3.8/site-packages/django/contrib/admin/templatetags/admin_list.py", line 213, in items_for_result
    f, attr, value = lookup_field(field_name, result, cl.model_admin)
  File "/home/venture/virtualenv/venture/3.8/lib/python3.8/site-packages/django/contrib/admin/utils.py", line 284, in lookup_field
    value = attr()
  File "/home/venture/venture/indexApp/models.py", line 142, in __str__
    return f"{self.option_name}"
AttributeError: 'Agent' object has no attribute 'option_name'
Not Found: /favicon.ico
[UID:3551][114653] Reached max children process limit: 6, extra: 2, current: 8, busy: 7, please increase LSAPI_CHILDREN.
[UID:3551][114653] Reached max children process limit: 6, extra: 2, current: 8, busy: 8, please increase LSAPI_CHILDREN.
[UID:3551][114653] Reached max children process limit: 6, extra: 2, current: 8, busy: 8, please increase LSAPI_CHILDREN.
[UID:3551][114653] Reached max children process limit: 6, extra: 2, current: 8, busy: 8, please increase LSAPI_CHILDREN.
[UID:3551][114653] Reached max children process limit: 6, extra: 2, current: 8, busy: 8, please increase LSAPI_CHILDREN.
[UID:3551][114653] Reached max children process limit: 6, extra: 2, current: 8, busy: 8, please increase LSAPI_CHILDREN.
[UID:3551][114653] Reached max children process limit: 6, extra: 2, current: 8, busy: 8, please increase LSAPI_CHILDREN.
[UID:3551][114653] Reached max children process limit: 6, extra: 2, current: 8, busy: 8, please increase LSAPI_CHILDREN.
[UID:3551][114653] Reached max children process limit: 6, extra: 2, current: 8, busy: 8, please increase LSAPI_CHILDREN.
[UID:3551][114653] Reached max children process limit: 6, extra: 2, current: 8, busy: 8, please increase LSAPI_CHILDREN.
[UID:3551][114653] Reached max children process limit: 6, extra: 2, current: 8, busy: 8, please increase LSAPI_CHILDREN.
[UID:3551][114653] Reached max children process limit: 6, extra: 2, current: 8, busy: 8, please increase LSAPI_CHILDREN.
[UID:3551][114653] Reached max children process limit: 6, extra: 2, current: 8, busy: 8, please increase LSAPI_CHILDREN.
[UID:3551][114653] Reached max children process limit: 6, extra: 2, current: 8, busy: 8, please increase LSAPI_CHILDREN.
[UID:3551][114653] Reached max children process limit: 6, extra: 2, current: 8, busy: 8, please increase LSAPI_CHILDREN.
[UID:3551][114653] Reached max children process limit: 6, extra: 2, current: 8, busy: 8, please increase LSAPI_CHILDREN.
[UID:3551][114653] Reached max children process limit: 6, extra: 2, current: 8, busy: 8, please increase LSAPI_CHILDREN.
[UID:3551][114653] Reached max children process limit: 6, extra: 2, current: 8, busy: 8, please increase LSAPI_CHILDREN.
[UID:3551][114653] Reached max children process limit: 6, extra: 2, current: 8, busy: 8, please increase LSAPI_CHILDREN.
[UID:3551][114653] Reached max children process limit: 6, extra: 2, current: 8, busy: 8, please increase LSAPI_CHILDREN.
[UID:3551][114653] Reached max children process limit: 6, extra: 2, current: 8, busy: 8, please increase LSAPI_CHILDREN.
[UID:3551][114653] Reached max children process limit: 6, extra: 2, current: 8, busy: 8, please increase LSAPI_CHILDREN.
[UID:3551][114653] Reached max children process limit: 6, extra: 2, current: 8, busy: 8, please increase LSAPI_CHILDREN.
[UID:3551][114653] Reached max children process limit: 6, extra: 2, current: 8, busy: 8, please increase LSAPI_CHILDREN.
[UID:3551][114653] Reached max children process limit: 6, extra: 2, current: 8, busy: 8, please increase LSAPI_CHILDREN.
[UID:3551][114653] Reached max children process limit: 6, extra: 2, current: 8, busy: 8, please increase LSAPI_CHILDREN.
[UID:3551][114653] Reached max children process limit: 6, extra: 2, current: 8, busy: 8, please increase LSAPI_CHILDREN.
Not Found: /favicon.ico
Not Found: /static/css/animate.min.css
Not Found: /css/map.css'%20%%7D
Not Found: /css/ie10-viewport-bug-workaround.css
Not Found: /js/ie-emulation-modes-warning.js
Not Found: /static/assets/js/ie10-viewport-bug-workaround.js
Not Found: /static/assets/js/ie10-viewport-bug-workaround.js
Not Found: /www.googletagmanager.com/gtm5445.html
Not Found: /img/favicon.ico
Not Found: /img/favicon.ico
Not Found: /favicon.ico
Not Found: /static/css/animate.min.css
Not Found: /css/map.css'%20%%7D
Not Found: /css/ie10-viewport-bug-workaround.css
Not Found: /static/assets/js/ie10-viewport-bug-workaround.js
Not Found: /www.googletagmanager.com/gtm5445.html
Not Found: /js/ie-emulation-modes-warning.js
Not Found: /static/assets/js/ie10-viewport-bug-workaround.js
Not Found: /img/favicon.ico
Not Found: /favicon.ico
Not Found: /static/css/animate.min.css
Not Found: /css/ie10-viewport-bug-workaround.css
Not Found: /js/ie-emulation-modes-warning.js
Not Found: /css/map.css'%20%%7D
Not Found: /static/assets/js/ie10-viewport-bug-workaround.js
Not Found: /favicon.ico
Not Found: /www.googletagmanager.com/gtm5445.html
Not Found: /static/assets/js/ie10-viewport-bug-workaround.js
Not Found: /img/favicon.ico
Not Found: /service/venture-rending/css/map.css'%20%%7D
Not Found: /service/venture-rending/css/ie10-viewport-bug-workaround.css
Not Found: /static/css/animate.min.css
Not Found: /service/venture-rending/js/ie-emulation-modes-warning.js
Not Found: /static/assets/js/ie10-viewport-bug-workaround.js
Not Found: /www.googletagmanager.com/gtm5445.html
Not Found: /static/assets/js/ie10-viewport-bug-workaround.js
Not Found: /service/venture-rending/img/favicon.ico
Not Found: /service/details-page/2/css/ie10-viewport-bug-workaround.css
Not Found: /service/details-page/2/css/map.css'%20%%7D
Not Found: /static/css/animate.min.css
Not Found: /static/assets/js/ie10-viewport-bug-workaround.js
Not Found: /service/details-page/2/js/ie-emulation-modes-warning.js
Not Found: /www.googletagmanager.com/gtm5445.html
Not Found: /static/assets/js/ie10-viewport-bug-workaround.js
Not Found: /service/details-page/2/img/favicon.ico
Not Found: /static/css/animate.min.css
Not Found: /css/map.css'%20%%7D
Not Found: /css/ie10-viewport-bug-workaround.css
Not Found: /js/ie-emulation-modes-warning.js
Not Found: /static/assets/js/ie10-viewport-bug-workaround.js
Not Found: /www.googletagmanager.com/gtm5445.html
Not Found: /static/assets/js/ie10-viewport-bug-workaround.js
Not Found: /static/css/animate.min.css
Not Found: /css/ie10-viewport-bug-workaround.css
Not Found: /css/map.css'%20%%7D
Not Found: /static/assets/js/ie10-viewport-bug-workaround.js
Not Found: /www.googletagmanager.com/gtm5445.html
Not Found: /js/ie-emulation-modes-warning.js
Not Found: /static/assets/js/ie10-viewport-bug-workaround.js
Not Found: /css/map.css'%20%%7D
Not Found: /css/ie10-viewport-bug-workaround.css
Not Found: /js/ie-emulation-modes-warning.js
Not Found: /static/css/animate.min.css
Not Found: /static/assets/js/ie10-viewport-bug-workaround.js
Not Found: /www.googletagmanager.com/gtm5445.html
Not Found: /static/assets/js/ie10-viewport-bug-workaround.js
Not Found: /static/css/animate.min.css
Not Found: /css/map.css'%20%%7D
Not Found: /css/ie10-viewport-bug-workaround.css
Not Found: /js/ie-emulation-modes-warning.js
Not Found: /static/assets/js/ie10-viewport-bug-workaround.js
Not Found: /www.googletagmanager.com/gtm5445.html
Not Found: /static/assets/js/ie10-viewport-bug-workaround.js
Not Found: /static/css/animate.min.css
Not Found: /css/map.css'%20%%7D
Not Found: /css/ie10-viewport-bug-workaround.css
Not Found: /js/ie-emulation-modes-warning.js
Not Found: /static/assets/js/ie10-viewport-bug-workaround.js
Not Found: /www.googletagmanager.com/gtm5445.html
Not Found: /static/assets/js/ie10-viewport-bug-workaround.js
Not Found: /css/map.css'%20%%7D
Not Found: /static/css/animate.min.css
Not Found: /css/ie10-viewport-bug-workaround.css
Not Found: /static/assets/js/ie10-viewport-bug-workaround.js
Not Found: /www.googletagmanager.com/gtm5445.html
Not Found: /js/ie-emulation-modes-warning.js
Not Found: /static/assets/js/ie10-viewport-bug-workaround.js
Not Found: /static/css/animate.min.css
Not Found: /css/ie10-viewport-bug-workaround.css
Not Found: /js/ie-emulation-modes-warning.js
Not Found: /static/assets/js/ie10-viewport-bug-workaround.js
Not Found: /www.googletagmanager.com/gtm5445.html
Not Found: /css/map.css'%20%%7D
Not Found: /static/assets/js/ie10-viewport-bug-workaround.js
Not Found: /static/css/animate.min.css
Not Found: /service/venture-rending/css/map.css'%20%%7D
Not Found: /service/venture-rending/css/ie10-viewport-bug-workaround.css
Not Found: /service/venture-rending/js/ie-emulation-modes-warning.js
Not Found: /static/assets/js/ie10-viewport-bug-workaround.js
Not Found: /www.googletagmanager.com/gtm5445.html
Not Found: /static/assets/js/ie10-viewport-bug-workaround.js
Not Found: /service/Venture-design-Development/css/map.css'%20%%7D
Not Found: /static/css/animate.min.css
Not Found: /service/Venture-design-Development/css/ie10-viewport-bug-workaround.css
Not Found: /static/assets/js/ie10-viewport-bug-workaround.js
Not Found: /service/Venture-design-Development/js/ie-emulation-modes-warning.js
Not Found: /www.googletagmanager.com/gtm5445.html
Not Found: /static/assets/js/ie10-viewport-bug-workaround.js
Not Found: /service/Venture-design-Development/img/favicon.ico
Not Found: /service/venture-rending/js/ie-emulation-modes-warning.js
Not Found: /static/css/animate.min.css
Not Found: /service/venture-rending/css/ie10-viewport-bug-workaround.css
Not Found: /static/assets/js/ie10-viewport-bug-workaround.js
Not Found: /service/venture-rending/css/map.css'%20%%7D
Not Found: /www.googletagmanager.com/gtm5445.html
Not Found: /static/assets/js/ie10-viewport-bug-workaround.js
Not Found: /static/css/animate.min.css
Not Found: /service/venture-rending/js/ie-emulation-modes-warning.js
Not Found: /service/venture-rending/css/ie10-viewport-bug-workaround.css
Not Found: /service/venture-rending/css/map.css'%20%%7D
Not Found: /static/assets/js/ie10-viewport-bug-workaround.js
Not Found: /www.googletagmanager.com/gtm5445.html
Not Found: /static/assets/js/ie10-viewport-bug-workaround.js
Not Found: /static/css/animate.min.css
Not Found: /css/map.css'%20%%7D
Not Found: /css/ie10-viewport-bug-workaround.css
Not Found: /js/ie-emulation-modes-warning.js
Not Found: /static/assets/js/ie10-viewport-bug-workaround.js
Not Found: /www.googletagmanager.com/gtm5445.html
Not Found: /static/assets/js/ie10-viewport-bug-workaround.js
Not Found: /static/css/animate.min.css
Not Found: /service/venture-rending/css/map.css'%20%%7D
Not Found: /service/venture-rending/css/ie10-viewport-bug-workaround.css
Not Found: /service/venture-rending/js/ie-emulation-modes-warning.js
Not Found: /static/assets/js/ie10-viewport-bug-workaround.js
Not Found: /www.googletagmanager.com/gtm5445.html
Not Found: /static/assets/js/ie10-viewport-bug-workaround.js
Not Found: /static/css/animate.min.css
Not Found: /service/details-page/5/css/ie10-viewport-bug-workaround.css
Not Found: /service/details-page/5/js/ie-emulation-modes-warning.js
Not Found: /static/assets/js/ie10-viewport-bug-workaround.js
Not Found: /www.googletagmanager.com/gtm5445.html
Not Found: /service/details-page/5/css/map.css'%20%%7D
Not Found: /static/assets/js/ie10-viewport-bug-workaround.js
Not Found: /service/details-page/5/img/favicon.ico
Not Found: /service/details-page/5/css/map.css'%20%%7D
Not Found: /static/css/animate.min.css
Not Found: /service/details-page/5/css/ie10-viewport-bug-workaround.css
Not Found: /static/assets/js/ie10-viewport-bug-workaround.js
Not Found: /www.googletagmanager.com/gtm5445.html
Not Found: /service/details-page/5/js/ie-emulation-modes-warning.js
Not Found: /static/assets/js/ie10-viewport-bug-workaround.js
Not Found: /static/css/animate.min.css
Not Found: /service/details-page/5/js/ie-emulation-modes-warning.js
Not Found: /service/details-page/5/css/map.css'%20%%7D
Not Found: /static/assets/js/ie10-viewport-bug-workaround.js
Not Found: /www.googletagmanager.com/gtm5445.html
Not Found: /service/details-page/5/css/ie10-viewport-bug-workaround.css
Not Found: /static/assets/js/ie10-viewport-bug-workaround.js
Not Found: /static/css/animate.min.css
Not Found: /service/details-page/2/css/ie10-viewport-bug-workaround.css
Not Found: /service/details-page/2/js/ie-emulation-modes-warning.js
Not Found: /static/assets/js/ie10-viewport-bug-workaround.js
Not Found: /www.googletagmanager.com/gtm5445.html
Not Found: /service/details-page/2/css/map.css'%20%%7D
Not Found: /static/assets/js/ie10-viewport-bug-workaround.js
Not Found: /service/details-page/1/css/map.css'%20%%7D
Not Found: /static/css/animate.min.css
Not Found: /service/details-page/1/js/ie-emulation-modes-warning.js
Not Found: /service/details-page/1/css/ie10-viewport-bug-workaround.css
Not Found: /static/assets/js/ie10-viewport-bug-workaround.js
Not Found: /www.googletagmanager.com/gtm5445.html
Not Found: /static/assets/js/ie10-viewport-bug-workaround.js
Not Found: /service/details-page/1/img/favicon.ico
Not Found: /static/css/animate.min.css
Not Found: /service/venture-rending/css/map.css'%20%%7D
Not Found: /service/venture-rending/css/ie10-viewport-bug-workaround.css
Not Found: /service/venture-rending/js/ie-emulation-modes-warning.js
Not Found: /static/assets/js/ie10-viewport-bug-workaround.js
Not Found: /www.googletagmanager.com/gtm5445.html
Not Found: /static/assets/js/ie10-viewport-bug-workaround.js
Not Found: /static/css/animate.min.css
Not Found: /service/details-page/5/css/map.css'%20%%7D
Not Found: /service/details-page/5/css/ie10-viewport-bug-workaround.css
Not Found: /service/details-page/5/js/ie-emulation-modes-warning.js
Not Found: /static/assets/js/ie10-viewport-bug-workaround.js
Not Found: /www.googletagmanager.com/gtm5445.html
Not Found: /static/assets/js/ie10-viewport-bug-workaround.js
Not Found: /apnartmentProject/css/map.css'%20%%7D
Not Found: /apnartmentProject/css/ie10-viewport-bug-workaround.css
Not Found: /static/css/animate.min.css
Not Found: /apnartmentProject/js/ie-emulation-modes-warning.js
Not Found: /www.googletagmanager.com/gtm5445.html
Not Found: /static/assets/js/ie10-viewport-bug-workaround.js
Not Found: /images/about/sale_house.svg
Not Found: /static/assets/js/ie10-viewport-bug-workaround.js
Not Found: /apnartmentProject/img/favicon.ico
Not Found: /static/css/animate.min.css
Not Found: /landProject/css/map.css'%20%%7D
Not Found: /landProject/js/ie-emulation-modes-warning.js
Not Found: /static/assets/js/ie10-viewport-bug-workaround.js
Not Found: /landProject/css/ie10-viewport-bug-workaround.css
Not Found: /www.googletagmanager.com/gtm5445.html
Not Found: /images/about/sale_house.svg
Not Found: /static/assets/js/ie10-viewport-bug-workaround.js
Not Found: /landProject/img/favicon.ico
<Page 1 of 1>
<Page 1 of 1>
Not Found: /static/css/animate.min.css
Not Found: /service/details-page/5/css/ie10-viewport-bug-workaround.css
Not Found: /service/details-page/5/js/ie-emulation-modes-warning.js
Not Found: /service/details-page/5/css/map.css'%20%%7D
Not Found: /www.googletagmanager.com/gtm5445.html
Not Found: /static/assets/js/ie10-viewport-bug-workaround.js
Not Found: /static/assets/js/ie10-viewport-bug-workaround.js
Not Found: /static/css/animate.min.css
Not Found: /css/map.css'%20%%7D
Not Found: /css/ie10-viewport-bug-workaround.css
Not Found: /js/ie-emulation-modes-warning.js
Not Found: /static/assets/js/ie10-viewport-bug-workaround.js
Not Found: /service/details-page/5/css/ie10-viewport-bug-workaround.css
Not Found: /service/details-page/5/css/map.css'%20%%7D
Not Found: /service/details-page/5/js/ie-emulation-modes-warning.js
Not Found: /www.googletagmanager.com/gtm5445.html
Not Found: /static/assets/js/ie10-viewport-bug-workaround.js
Not Found: /static/css/animate.min.css
Not Found: /service/venture-rending/js/ie-emulation-modes-warning.js
Not Found: /service/venture-rending/css/map.css'%20%%7D
Not Found: /static/assets/js/ie10-viewport-bug-workaround.js
Not Found: /service/venture-rending/css/ie10-viewport-bug-workaround.css
Not Found: /www.googletagmanager.com/gtm5445.html
Not Found: /static/assets/js/ie10-viewport-bug-workaround.js
Not Found: /service/venture-rending/css/map.css'%20%%7D
Not Found: /static/css/animate.min.css
Not Found: /service/venture-rending/css/ie10-viewport-bug-workaround.css
Not Found: /service/venture-rending/js/ie-emulation-modes-warning.js
Not Found: /static/assets/js/ie10-viewport-bug-workaround.js
Not Found: /www.googletagmanager.com/gtm5445.html
Not Found: /static/assets/js/ie10-viewport-bug-workaround.js
Not Found: /static/css/animate.min.css
Not Found: /service/venture-rending/css/map.css'%20%%7D
Not Found: /service/venture-rending/css/ie10-viewport-bug-workaround.css
Not Found: /static/assets/js/ie10-viewport-bug-workaround.js
Not Found: /www.googletagmanager.com/gtm5445.html
Not Found: /service/venture-rending/js/ie-emulation-modes-warning.js
Not Found: /static/assets/js/ie10-viewport-bug-workaround.js
Not Found: /service/css/map.css'%20%%7D
Not Found: /static/css/animate.min.css
Not Found: /service/js/ie-emulation-modes-warning.js
Not Found: /service/css/ie10-viewport-bug-workaround.css
Not Found: /static/assets/js/ie10-viewport-bug-workaround.js
Not Found: /www.googletagmanager.com/gtm5445.html
Not Found: /static/assets/js/ie10-viewport-bug-workaround.js
Not Found: /service/img/favicon.ico
Not Found: /static/css/animate.min.css
Not Found: /landProject/css/map.css'%20%%7D
Not Found: /landProject/css/ie10-viewport-bug-workaround.css
Not Found: /landProject/js/ie-emulation-modes-warning.js
Not Found: /images/about/sale_house.svg
Not Found: /static/assets/js/ie10-viewport-bug-workaround.js
Not Found: /www.googletagmanager.com/gtm5445.html
Not Found: /static/assets/js/ie10-viewport-bug-workaround.js
Not Found: /static/css/animate.min.css
Not Found: /apnartmentProject/css/ie10-viewport-bug-workaround.css
Not Found: /apnartmentProject/css/map.css'%20%%7D
Not Found: /static/assets/js/ie10-viewport-bug-workaround.js
Not Found: /apnartmentProject/js/ie-emulation-modes-warning.js
Not Found: /www.googletagmanager.com/gtm5445.html
Not Found: /images/about/sale_house.svg
Not Found: /static/assets/js/ie10-viewport-bug-workaround.js
<Page 1 of 1>
Not Found: /apnartmentProject/css/map.css'%20%%7D
Not Found: /static/css/animate.min.css
Not Found: /apnartmentProject/js/ie-emulation-modes-warning.js
Not Found: /apnartmentProject/css/ie10-viewport-bug-workaround.css
Not Found: /static/assets/js/ie10-viewport-bug-workaround.js
Not Found: /www.googletagmanager.com/gtm5445.html
Not Found: /images/about/sale_house.svg
Not Found: /static/assets/js/ie10-viewport-bug-workaround.js
<Page 1 of 1>
Not Found: /static/css/animate.min.css
Not Found: /service/css/map.css'%20%%7D
Not Found: /service/css/ie10-viewport-bug-workaround.css
Not Found: /service/js/ie-emulation-modes-warning.js
Not Found: /www.googletagmanager.com/gtm5445.html
Not Found: /static/assets/js/ie10-viewport-bug-workaround.js
Not Found: /static/assets/js/ie10-viewport-bug-workaround.js
Not Found: /static/css/animate.min.css
Not Found: /service/Venture-tourism/css/ie10-viewport-bug-workaround.css
Not Found: /service/Venture-tourism/css/map.css'%20%%7D
Not Found: /static/assets/js/ie10-viewport-bug-workaround.js
Not Found: /www.googletagmanager.com/gtm5445.html
Not Found: /service/Venture-tourism/js/ie-emulation-modes-warning.js
Not Found: /static/assets/js/ie10-viewport-bug-workaround.js
Not Found: /service/Venture-tourism/img/favicon.ico
Not Found: /service/Venture-tourism/css/ie10-viewport-bug-workaround.css
Not Found: /service/Venture-tourism/js/ie-emulation-modes-warning.js
Not Found: /service/Venture-tourism/css/map.css'%20%%7D
Not Found: /static/css/animate.min.css
Not Found: /www.googletagmanager.com/gtm5445.html
Not Found: /static/assets/js/ie10-viewport-bug-workaround.js
Not Found: /static/assets/js/ie10-viewport-bug-workaround.js
<Page 1 of 1>
Not Found: /static/css/animate.min.css
Not Found: /service/venture-rending/js/ie-emulation-modes-warning.js
Not Found: /service/venture-rending/css/ie10-viewport-bug-workaround.css
Not Found: /static/assets/js/ie10-viewport-bug-workaround.js
Not Found: /www.googletagmanager.com/gtm5445.html
Not Found: /service/venture-rending/css/map.css'%20%%7D
Not Found: /static/assets/js/ie10-viewport-bug-workaround.js
Not Found: /service/css/map.css'%20%%7D
Not Found: /service/js/ie-emulation-modes-warning.js
Not Found: /static/css/animate.min.css
Not Found: /static/assets/js/ie10-viewport-bug-workaround.js
Not Found: /www.googletagmanager.com/gtm5445.html
Not Found: /service/css/ie10-viewport-bug-workaround.css
Not Found: /static/assets/js/ie10-viewport-bug-workaround.js
Not Found: /service/css/ie10-viewport-bug-workaround.css
Not Found: /service/js/ie-emulation-modes-warning.js
Not Found: /static/css/animate.min.css
Not Found: /static/assets/js/ie10-viewport-bug-workaround.js
Not Found: /www.googletagmanager.com/gtm5445.html
Not Found: /service/css/map.css'%20%%7D
Not Found: /static/assets/js/ie10-viewport-bug-workaround.js
Not Found: /service/Venture-tourism/css/ie10-viewport-bug-workaround.css
Not Found: /static/css/animate.min.css
Not Found: /service/Venture-tourism/js/ie-emulation-modes-warning.js
Not Found: /static/assets/js/ie10-viewport-bug-workaround.js
Not Found: /www.googletagmanager.com/gtm5445.html
Not Found: /service/Venture-tourism/css/map.css'%20%%7D
Not Found: /static/assets/js/ie10-viewport-bug-workaround.js
Not Found: /static/css/animate.min.css
Not Found: /apnartmentProject/css/map.css'%20%%7D
Not Found: /apnartmentProject/css/ie10-viewport-bug-workaround.css
Not Found: /static/assets/js/ie10-viewport-bug-workaround.js
Not Found: /www.googletagmanager.com/gtm5445.html
Not Found: /apnartmentProject/js/ie-emulation-modes-warning.js
Not Found: /images/about/sale_house.svg
Not Found: /static/assets/js/ie10-viewport-bug-workaround.js
Not Found: /static/css/animate.min.css
Not Found: /apnartmentProject/css/ie10-viewport-bug-workaround.css
Not Found: /apnartmentProject/css/map.css'%20%%7D
Not Found: /apnartmentProject/js/ie-emulation-modes-warning.js
Not Found: /static/assets/js/ie10-viewport-bug-workaround.js
Not Found: /www.googletagmanager.com/gtm5445.html
Not Found: /images/about/sale_house.svg
Not Found: /static/assets/js/ie10-viewport-bug-workaround.js
<Page 1 of 1>
Not Found: /apnartmentProject/js/ie-emulation-modes-warning.js
Not Found: /static/css/animate.min.css
Not Found: /apnartmentProject/css/map.css'%20%%7D
Not Found: /static/assets/js/ie10-viewport-bug-workaround.js
Not Found: /www.googletagmanager.com/gtm5445.html
Not Found: /apnartmentProject/css/ie10-viewport-bug-workaround.css
Not Found: /images/about/sale_house.svg
Not Found: /static/assets/js/ie10-viewport-bug-workaround.js
Not Found: /static/css/animate.min.css
Not Found: /apnartmentProject/js/ie-emulation-modes-warning.js
Not Found: /apnartmentProject/css/ie10-viewport-bug-workaround.css
Not Found: /apnartmentProject/css/map.css'%20%%7D
Not Found: /www.googletagmanager.com/gtm5445.html
Not Found: /static/assets/js/ie10-viewport-bug-workaround.js
Not Found: /images/about/sale_house.svg
Not Found: /static/assets/js/ie10-viewport-bug-workaround.js
Not Found: /static/css/animate.min.css
Not Found: /apnartmentProject/js/ie-emulation-modes-warning.js
Not Found: /apnartmentProject/css/map.css'%20%%7D
Not Found: /apnartmentProject/css/ie10-viewport-bug-workaround.css
Not Found: /www.googletagmanager.com/gtm5445.html
Not Found: /static/assets/js/ie10-viewport-bug-workaround.js
Not Found: /images/about/sale_house.svg
Not Found: /static/assets/js/ie10-viewport-bug-workaround.js
Not Found: /static/css/animate.min.css
Not Found: /apnartmentProject/css/map.css'%20%%7D
Not Found: /apnartmentProject/js/ie-emulation-modes-warning.js
Not Found: /apnartmentProject/css/ie10-viewport-bug-workaround.css
Not Found: /static/assets/js/ie10-viewport-bug-workaround.js
Not Found: /www.googletagmanager.com/gtm5445.html
Not Found: /images/about/sale_house.svg
Not Found: /static/assets/js/ie10-viewport-bug-workaround.js
<Page 1 of 1>
Not Found: /static/css/animate.min.css
Not Found: /apnartmentProject/js/ie-emulation-modes-warning.js
Not Found: /apnartmentProject/css/map.css'%20%%7D
Not Found: /apnartmentProject/css/ie10-viewport-bug-workaround.css
Not Found: /static/assets/js/ie10-viewport-bug-workaround.js
Not Found: /www.googletagmanager.com/gtm5445.html
Not Found: /images/about/sale_house.svg
Not Found: /static/assets/js/ie10-viewport-bug-workaround.js
Not Found: /static/css/animate.min.css
Not Found: /apnartmentProject/css/map.css'%20%%7D
Not Found: /apnartmentProject/js/ie-emulation-modes-warning.js
Not Found: /apnartmentProject/css/ie10-viewport-bug-workaround.css
Not Found: /static/assets/js/ie10-viewport-bug-workaround.js
Not Found: /www.googletagmanager.com/gtm5445.html
Not Found: /images/about/sale_house.svg
Not Found: /static/assets/js/ie10-viewport-bug-workaround.js
Not Found: /static/css/animate.min.css
Not Found: /apnartmentProject/css/ie10-viewport-bug-workaround.css
Not Found: /apnartmentProject/js/ie-emulation-modes-warning.js
Not Found: /apnartmentProject/css/map.css'%20%%7D
Not Found: /static/assets/js/ie10-viewport-bug-workaround.js
Not Found: /www.googletagmanager.com/gtm5445.html
Not Found: /static/assets/js/ie10-viewport-bug-workaround.js
Not Found: /images/about/sale_house.svg
<Page 1 of 1>
Not Found: /apnartmentProject/css/ie10-viewport-bug-workaround.css
Not Found: /static/css/animate.min.css
Not Found: /apnartmentProject/css/map.css'%20%%7D
Not Found: /static/assets/js/ie10-viewport-bug-workaround.js
Not Found: /www.googletagmanager.com/gtm5445.html
Not Found: /apnartmentProject/js/ie-emulation-modes-warning.js
Not Found: /images/about/sale_house.svg
Not Found: /static/assets/js/ie10-viewport-bug-workaround.js
Not Found: /apnartmentProject/css/map.css'%20%%7D
Not Found: /static/css/animate.min.css
Not Found: /apnartmentProject/css/ie10-viewport-bug-workaround.css
Not Found: /static/assets/js/ie10-viewport-bug-workaround.js
Not Found: /www.googletagmanager.com/gtm5445.html
Not Found: /apnartmentProject/js/ie-emulation-modes-warning.js
Not Found: /images/about/sale_house.svg
Not Found: /static/assets/js/ie10-viewport-bug-workaround.js
Not Found: /apnartmentProject/css/map.css'%20%%7D
Not Found: /static/css/animate.min.css
Not Found: /apnartmentProject/js/ie-emulation-modes-warning.js
Not Found: /apnartmentProject/css/ie10-viewport-bug-workaround.css
Not Found: /static/assets/js/ie10-viewport-bug-workaround.js
Not Found: /www.googletagmanager.com/gtm5445.html
Not Found: /images/about/sale_house.svg
Not Found: /static/assets/js/ie10-viewport-bug-workaround.js
<Page 1 of 1>
<Page 1 of 1>
Not Found: /static/css/animate.min.css
Not Found: /apnartmentProject/css/map.css'%20%%7D
Not Found: /apnartmentProject/css/ie10-viewport-bug-workaround.css
Not Found: /apnartmentProject/js/ie-emulation-modes-warning.js
Not Found: /static/assets/js/ie10-viewport-bug-workaround.js
Not Found: /www.googletagmanager.com/gtm5445.html
Not Found: /images/about/sale_house.svg
Not Found: /static/assets/js/ie10-viewport-bug-workaround.js
Not Found: /static/css/animate.min.css
Not Found: /apnartmentProject/css/map.css'%20%%7D
Not Found: /apnartmentProject/css/ie10-viewport-bug-workaround.css
Not Found: /static/assets/js/ie10-viewport-bug-workaround.js
Not Found: /www.googletagmanager.com/gtm5445.html
Not Found: /apnartmentProject/js/ie-emulation-modes-warning.js
Not Found: /images/about/sale_house.svg
Not Found: /static/assets/js/ie10-viewport-bug-workaround.js
Not Found: /static/css/animate.min.css
Not Found: /service/Venture-tourism/css/map.css'%20%%7D
Not Found: /service/Venture-tourism/css/ie10-viewport-bug-workaround.css
Not Found: /static/assets/js/ie10-viewport-bug-workaround.js
Not Found: /service/Venture-tourism/js/ie-emulation-modes-warning.js
Not Found: /www.googletagmanager.com/gtm5445.html
Not Found: /static/assets/js/ie10-viewport-bug-workaround.js
Not Found: /static/css/animate.min.css
Not Found: /service/venture-rending/css/ie10-viewport-bug-workaround.css
Not Found: /service/venture-rending/js/ie-emulation-modes-warning.js
Not Found: /static/assets/js/ie10-viewport-bug-workaround.js
Not Found: /www.googletagmanager.com/gtm5445.html
Not Found: /service/venture-rending/css/map.css'%20%%7D
Not Found: /static/assets/js/ie10-viewport-bug-workaround.js
Not Found: /static/css/animate.min.css
Not Found: /service/css/map.css'%20%%7D
Not Found: /service/js/ie-emulation-modes-warning.js
Not Found: /service/css/ie10-viewport-bug-workaround.css
Not Found: /static/assets/js/ie10-viewport-bug-workaround.js
Not Found: /www.googletagmanager.com/gtm5445.html
Not Found: /static/assets/js/ie10-viewport-bug-workaround.js
Not Found: /static/css/animate.min.css
Not Found: /service/css/map.css'%20%%7D
Not Found: /service/css/ie10-viewport-bug-workaround.css
Not Found: /static/assets/js/ie10-viewport-bug-workaround.js
Not Found: /www.googletagmanager.com/gtm5445.html
Not Found: /service/js/ie-emulation-modes-warning.js
Not Found: /static/assets/js/ie10-viewport-bug-workaround.js
Not Found: /service/Venture-tourism/css/ie10-viewport-bug-workaround.css
Not Found: /service/Venture-tourism/css/map.css'%20%%7D
Not Found: /service/Venture-tourism/js/ie-emulation-modes-warning.js
Not Found: /static/css/animate.min.css
Not Found: /static/assets/js/ie10-viewport-bug-workaround.js
Not Found: /www.googletagmanager.com/gtm5445.html
Not Found: /static/assets/js/ie10-viewport-bug-workaround.js
Not Found: /service/Venture-design-Development/js/ie-emulation-modes-warning.js
Not Found: /service/Venture-design-Development/css/map.css'%20%%7D
Not Found: /static/css/animate.min.css
Not Found: /static/assets/js/ie10-viewport-bug-workaround.js
Not Found: /service/Venture-design-Development/css/ie10-viewport-bug-workaround.css
Not Found: /www.googletagmanager.com/gtm5445.html
Not Found: /static/assets/js/ie10-viewport-bug-workaround.js
Not Found: /static/css/animate.min.css
Not Found: /js/ie-emulation-modes-warning.js
Not Found: /css/ie10-viewport-bug-workaround.css
Not Found: /static/assets/js/ie10-viewport-bug-workaround.js
Not Found: /www.googletagmanager.com/gtm5445.html
Not Found: /css/map.css'%20%%7D
Not Found: /static/assets/js/ie10-viewport-bug-workaround.js
Not Found: /service/Venture-design-Development/css/map.css'%20%%7D
Not Found: /service/Venture-design-Development/css/ie10-viewport-bug-workaround.css
Not Found: /static/css/animate.min.css
Not Found: /static/assets/js/ie10-viewport-bug-workaround.js
Not Found: /www.googletagmanager.com/gtm5445.html
Not Found: /service/Venture-design-Development/js/ie-emulation-modes-warning.js
Not Found: /static/assets/js/ie10-viewport-bug-workaround.js
Not Found: /static/css/animate.min.css
Not Found: /service/Venture-design-Development/js/ie-emulation-modes-warning.js
Not Found: /service/Venture-design-Development/css/ie10-viewport-bug-workaround.css
Not Found: /static/assets/js/ie10-viewport-bug-workaround.js
Not Found: /www.googletagmanager.com/gtm5445.html
Not Found: /service/Venture-design-Development/css/map.css'%20%%7D
Not Found: /static/assets/js/ie10-viewport-bug-workaround.js
Not Found: /static/css/animate.min.css
Not Found: /css/ie10-viewport-bug-workaround.css
Not Found: /css/map.css'%20%%7D
Not Found: /js/ie-emulation-modes-warning.js
Not Found: /static/assets/js/ie10-viewport-bug-workaround.js
Not Found: /www.googletagmanager.com/gtm5445.html
Not Found: /static/assets/js/ie10-viewport-bug-workaround.js
Not Found: /service/css/ie10-viewport-bug-workaround.css
Not Found: /static/css/animate.min.css
Not Found: /service/js/ie-emulation-modes-warning.js
Not Found: /service/css/map.css'%20%%7D
Not Found: /static/assets/js/ie10-viewport-bug-workaround.js
Not Found: /www.googletagmanager.com/gtm5445.html
Not Found: /static/assets/js/ie10-viewport-bug-workaround.js
Not Found: /static/css/animate.min.css
Not Found: /service/css/ie10-viewport-bug-workaround.css
Not Found: /service/js/ie-emulation-modes-warning.js
Not Found: /service/css/map.css'%20%%7D
Not Found: /static/assets/js/ie10-viewport-bug-workaround.js
Not Found: /www.googletagmanager.com/gtm5445.html
Not Found: /static/assets/js/ie10-viewport-bug-workaround.js
Not Found: /css/ie10-viewport-bug-workaround.css
Not Found: /static/css/animate.min.css
Not Found: /css/map.css'%20%%7D
Not Found: /js/ie-emulation-modes-warning.js
Not Found: /static/assets/js/ie10-viewport-bug-workaround.js
Not Found: /www.googletagmanager.com/gtm5445.html
Not Found: /static/assets/js/ie10-viewport-bug-workaround.js
Not Found: /static/css/animate.min.css
Not Found: /blog/css/ie10-viewport-bug-workaround.css
Not Found: /blog/js/ie-emulation-modes-warning.js
Not Found: /static/assets/js/ie10-viewport-bug-workaround.js
Not Found: /www.googletagmanager.com/gtm5445.html
Not Found: /blog/css/map.css'%20%%7D
Not Found: /static/assets/js/ie10-viewport-bug-workaround.js
Not Found: /blog/img/favicon.ico
Not Found: /service/venture-rending/css/ie10-viewport-bug-workaround.css
Not Found: /service/venture-rending/css/map.css'%20%%7D
Not Found: /service/venture-rending/js/ie-emulation-modes-warning.js
Not Found: /static/css/animate.min.css
Not Found: /static/assets/js/ie10-viewport-bug-workaround.js
Not Found: /www.googletagmanager.com/gtm5445.html
Not Found: /static/assets/js/ie10-viewport-bug-workaround.js
Not Found: /service/css/ie10-viewport-bug-workaround.css
Not Found: /service/js/ie-emulation-modes-warning.js
Not Found: /static/css/animate.min.css
Not Found: /static/assets/js/ie10-viewport-bug-workaround.js
Not Found: /www.googletagmanager.com/gtm5445.html
Not Found: /service/css/map.css'%20%%7D
Not Found: /static/assets/js/ie10-viewport-bug-workaround.js
Not Found: /service/js/ie-emulation-modes-warning.js
Not Found: /service/css/map.css'%20%%7D
Not Found: /service/css/ie10-viewport-bug-workaround.css
Not Found: /static/css/animate.min.css
Not Found: /www.googletagmanager.com/gtm5445.html
Not Found: /static/assets/js/ie10-viewport-bug-workaround.js
Not Found: /static/assets/js/ie10-viewport-bug-workaround.js
Not Found: /service/Venture-tourism/css/map.css'%20%%7D
Not Found: /service/Venture-tourism/css/ie10-viewport-bug-workaround.css
Not Found: /service/Venture-tourism/js/ie-emulation-modes-warning.js
Not Found: /static/css/animate.min.css
Not Found: /static/assets/js/ie10-viewport-bug-workaround.js
Not Found: /www.googletagmanager.com/gtm5445.html
Not Found: /static/assets/js/ie10-viewport-bug-workaround.js
Not Found: /static/css/animate.min.css
Not Found: /service/Venture-design-Development/js/ie-emulation-modes-warning.js
Not Found: /service/Venture-design-Development/css/ie10-viewport-bug-workaround.css
Not Found: /static/assets/js/ie10-viewport-bug-workaround.js
Not Found: /www.googletagmanager.com/gtm5445.html
Not Found: /service/Venture-design-Development/css/map.css'%20%%7D
Not Found: /static/assets/js/ie10-viewport-bug-workaround.js
Not Found: /static/css/animate.min.css
Not Found: /service/Venture-design-Development/css/map.css'%20%%7D
Not Found: /service/Venture-design-Development/css/ie10-viewport-bug-workaround.css
Not Found: /static/assets/js/ie10-viewport-bug-workaround.js
Not Found: /www.googletagmanager.com/gtm5445.html
Not Found: /service/Venture-design-Development/js/ie-emulation-modes-warning.js
Not Found: /static/assets/js/ie10-viewport-bug-workaround.js
Not Found: /static/css/animate.min.css
Not Found: /service/Venture-design-Development/css/ie10-viewport-bug-workaround.css
Not Found: /service/Venture-design-Development/css/map.css'%20%%7D
Not Found: /service/Venture-design-Development/js/ie-emulation-modes-warning.js
Not Found: /static/assets/js/ie10-viewport-bug-workaround.js
Not Found: /static/assets/js/ie10-viewport-bug-workaround.js
Not Found: /www.googletagmanager.com/gtm5445.html
Not Found: /service/Venture-tourism/css/map.css'%20%%7D
Not Found: /static/css/animate.min.css
Not Found: /service/Venture-tourism/css/ie10-viewport-bug-workaround.css
Not Found: /static/assets/js/ie10-viewport-bug-workaround.js
Not Found: /www.googletagmanager.com/gtm5445.html
Not Found: /service/Venture-tourism/js/ie-emulation-modes-warning.js
Not Found: /static/assets/js/ie10-viewport-bug-workaround.js
Not Found: /static/css/animate.min.css
Not Found: /js/ie-emulation-modes-warning.js
Not Found: /css/map.css'%20%%7D
Not Found: /css/ie10-viewport-bug-workaround.css
Not Found: /static/assets/js/ie10-viewport-bug-workaround.js
Not Found: /www.googletagmanager.com/gtm5445.html
Not Found: /static/assets/js/ie10-viewport-bug-workaround.js
<Page 1 of 1>
<Page 1 of 1>
<Page 1 of 1>
<Page 1 of 1>
<Page 1 of 1>
<Page 1 of 1>
<Page 1 of 1>
<Page 1 of 1>
<Page 1 of 1>
[UID:3551][123254] Reached max children process limit: 6, extra: 2, current: 8, busy: 7, please increase LSAPI_CHILDREN.
[UID:3551][123254] Reached max children process limit: 6, extra: 2, current: 8, busy: 8, please increase LSAPI_CHILDREN.
Not Found: /static/assets/js/ie10-viewport-bug-workaround.js
[UID:3551][123254] Reached max children process limit: 6, extra: 2, current: 8, busy: 8, please increase LSAPI_CHILDREN.
[UID:3551][123254] Reached max children process limit: 6, extra: 2, current: 8, busy: 8, please increase LSAPI_CHILDREN.
[UID:3551][123254] Reached max children process limit: 6, extra: 2, current: 8, busy: 8, please increase LSAPI_CHILDREN.
[UID:3551][123254] Reached max children process limit: 6, extra: 2, current: 8, busy: 8, please increase LSAPI_CHILDREN.
[UID:3551][123254] Reached max children process limit: 6, extra: 2, current: 8, busy: 8, please increase LSAPI_CHILDREN.
Not Found: /js/ie-emulation-modes-warning.js
Not Found: /static/assets/js/ie10-viewport-bug-workaround.js
[UID:3551][123254] Reached max children process limit: 6, extra: 2, current: 8, busy: 8, please increase LSAPI_CHILDREN.
[UID:3551][123254] Reached max children process limit: 6, extra: 2, current: 8, busy: 8, please increase LSAPI_CHILDREN.
[UID:3551][123254] Reached max children process limit: 6, extra: 2, current: 8, busy: 8, please increase LSAPI_CHILDREN.
[UID:3551][123254] Reached max children process limit: 6, extra: 2, current: 8, busy: 8, please increase LSAPI_CHILDREN.
[UID:3551][123254] Reached max children process limit: 6, extra: 2, current: 8, busy: 8, please increase LSAPI_CHILDREN.
[UID:3551][123254] Reached max children process limit: 6, extra: 2, current: 8, busy: 8, please increase LSAPI_CHILDREN.
[UID:3551][123254] Reached max children process limit: 6, extra: 2, current: 8, busy: 8, please increase LSAPI_CHILDREN.
[UID:3551][123254] Reached max children process limit: 6, extra: 2, current: 8, busy: 8, please increase LSAPI_CHILDREN.
[UID:3551][123254] Reached max children process limit: 6, extra: 2, current: 8, busy: 8, please increase LSAPI_CHILDREN.
[UID:3551][123254] Reached max children process limit: 6, extra: 2, current: 8, busy: 8, please increase LSAPI_CHILDREN.
[UID:3551][123254] Reached max children process limit: 6, extra: 2, current: 8, busy: 8, please increase LSAPI_CHILDREN.
[UID:3551][123254] Reached max children process limit: 6, extra: 2, current: 8, busy: 8, please increase LSAPI_CHILDREN.
[UID:3551][123254] Reached max children process limit: 6, extra: 2, current: 8, busy: 8, please increase LSAPI_CHILDREN.
[UID:3551][123254] Reached max children process limit: 6, extra: 2, current: 8, busy: 8, please increase LSAPI_CHILDREN.
[UID:3551][123254] Reached max children process limit: 6, extra: 2, current: 8, busy: 8, please increase LSAPI_CHILDREN.
[UID:3551][123254] Reached max children process limit: 6, extra: 2, current: 8, busy: 8, please increase LSAPI_CHILDREN.
[UID:3551][123254] Reached max children process limit: 6, extra: 2, current: 8, busy: 8, please increase LSAPI_CHILDREN.
[UID:3551][123254] Reached max children process limit: 6, extra: 2, current: 8, busy: 8, please increase LSAPI_CHILDREN.
[UID:3551][123254] Reached max children process limit: 6, extra: 2, current: 8, busy: 7, please increase LSAPI_CHILDREN.
[UID:3551][123254] Reached max children process limit: 6, extra: 2, current: 8, busy: 8, please increase LSAPI_CHILDREN.
[UID:3551][123254] Reached max children process limit: 6, extra: 2, current: 8, busy: 8, please increase LSAPI_CHILDREN.
[UID:3551][123254] Reached max children process limit: 6, extra: 2, current: 8, busy: 8, please increase LSAPI_CHILDREN.
[UID:3551][123254] Reached max children process limit: 6, extra: 2, current: 8, busy: 8, please increase LSAPI_CHILDREN.
[UID:3551][123254] Reached max children process limit: 6, extra: 2, current: 8, busy: 8, please increase LSAPI_CHILDREN.
[UID:3551][123254] Reached max children process limit: 6, extra: 2, current: 8, busy: 8, please increase LSAPI_CHILDREN.
[UID:3551][123254] Reached max children process limit: 6, extra: 2, current: 8, busy: 8, please increase LSAPI_CHILDREN.
[UID:3551][123254] Reached max children process limit: 6, extra: 2, current: 8, busy: 8, please increase LSAPI_CHILDREN.
[UID:3551][123254] Reached max children process limit: 6, extra: 2, current: 8, busy: 8, please increase LSAPI_CHILDREN.
[UID:3551][123254] Reached max children process limit: 6, extra: 2, current: 8, busy: 8, please increase LSAPI_CHILDREN.
[UID:3551][123254] Reached max children process limit: 6, extra: 2, current: 8, busy: 8, please increase LSAPI_CHILDREN.
[UID:3551][123254] Reached max children process limit: 6, extra: 2, current: 8, busy: 8, please increase LSAPI_CHILDREN.
[UID:3551][123254] Reached max children process limit: 6, extra: 2, current: 8, busy: 7, please increase LSAPI_CHILDREN.
Not Found: /img/favicon.ico
Not Found: /img/favicon.ico
Not Found: /apnartmentProject/css/map.css'%20%%7D
Not Found: /static/css/animate.min.css
Not Found: /apnartmentProject/js/ie-emulation-modes-warning.js
Not Found: /apnartmentProject/css/ie10-viewport-bug-workaround.css
Not Found: /images/about/sale_house.svg
Not Found: /static/assets/js/ie10-viewport-bug-workaround.js
Not Found: /www.googletagmanager.com/gtm5445.html
Not Found: /static/assets/js/ie10-viewport-bug-workaround.js
Not Found: /static/css/animate.min.css
Not Found: /css/ie10-viewport-bug-workaround.css
Not Found: /js/ie-emulation-modes-warning.js
Not Found: /css/map.css'%20%%7D
Not Found: /www.googletagmanager.com/gtm5445.html
Not Found: /static/assets/js/ie10-viewport-bug-workaround.js
Not Found: /static/assets/js/ie10-viewport-bug-workaround.js
Not Found: /static/css/animate.min.css
Not Found: /css/map.css'%20%%7D
Not Found: /css/ie10-viewport-bug-workaround.css
Not Found: /js/ie-emulation-modes-warning.js
Not Found: /www.googletagmanager.com/gtm5445.html
Not Found: /static/assets/js/ie10-viewport-bug-workaround.js
Not Found: /static/assets/js/ie10-viewport-bug-workaround.js
Not Found: /static/indexApp/img/icon.png
Not Found: /static/css/animate.min.css
Not Found: /css/map.css'%20%%7D
Not Found: /js/ie-emulation-modes-warning.js
Not Found: /static/assets/js/ie10-viewport-bug-workaround.js
Not Found: /www.googletagmanager.com/gtm5445.html
Not Found: /css/ie10-viewport-bug-workaround.css
Not Found: /static/assets/js/ie10-viewport-bug-workaround.js
Not Found: /static/css/animate.min.css
Not Found: /css/ie10-viewport-bug-workaround.css
Not Found: /css/map.css'%20%%7D
Not Found: /static/assets/js/ie10-viewport-bug-workaround.js
Not Found: /www.googletagmanager.com/gtm5445.html
Not Found: /js/ie-emulation-modes-warning.js
Not Found: /static/assets/js/ie10-viewport-bug-workaround.js
Not Found: /css/map.css'%20%%7D
Not Found: /css/ie10-viewport-bug-workaround.css
Not Found: /js/ie-emulation-modes-warning.js
Not Found: /static/css/animate.min.css
Not Found: /static/assets/js/ie10-viewport-bug-workaround.js
Not Found: /www.googletagmanager.com/gtm5445.html
Not Found: /static/assets/js/ie10-viewport-bug-workaround.js
Not Found: /static/css/animate.min.css
Not Found: /css/map.css'%20%%7D
Not Found: /js/ie-emulation-modes-warning.js
Not Found: /static/assets/js/ie10-viewport-bug-workaround.js
Not Found: /www.googletagmanager.com/gtm5445.html
Not Found: /css/ie10-viewport-bug-workaround.css
Not Found: /static/assets/js/ie10-viewport-bug-workaround.js
Not Found: /static/css/animate.min.css
Not Found: /css/map.css'%20%%7D
Not Found: /css/ie10-viewport-bug-workaround.css
Not Found: /static/assets/js/ie10-viewport-bug-workaround.js
Not Found: /www.googletagmanager.com/gtm5445.html
Not Found: /js/ie-emulation-modes-warning.js
Not Found: /static/assets/js/ie10-viewport-bug-workaround.js
